app/build/intermediates/manifest_merge_blame_file/release/manifest-merger-blame-release-report.txt
1<?xml version="1.0" encoding="utf-8"?>
2<manifest xmlns:android="http://schemas.android.com/apk/res/android"
3    package="kiwi.employeedirectory"
4    android:versionCode="583"
5    android:versionName="5.8.3" >
6
7    <uses-sdk
8        android:minSdkVersion="14"
8-->src/main/AndroidManifest.xml
9        android:targetSdkVersion="29" />
9-->src/main/AndroidManifest.xml
10
11    <uses-permission android:name="android.permission.ACCESS_NETWORK_STATE" />
11-->src/main/AndroidManifest.xml:8:2-76
11-->src/main/AndroidManifest.xml:8:19-73
12    <uses-permission android:name="android.permission.INTERNET" />
12-->src/main/AndroidManifest.xml:9:2-64
12-->src/main/AndroidManifest.xml:9:19-61
13    <!-- <uses-permission android:name="android.permission.ACCESS_WIFI_STATE" /> -->
14    <uses-permission android:name="android.permission.RECORD_AUDIO" />
14-->src/main/AndroidManifest.xml:11:2-68
14-->src/main/AndroidManifest.xml:11:19-65
15    <uses-permission android:name="android.permission.MODIFY_AUDIO_SETTINGS" />
15-->src/main/AndroidManifest.xml:12:2-76
15-->src/main/AndroidManifest.xml:12:19-74
16
17    <application
17-->src/main/AndroidManifest.xml:14:1-51:16
18        android:appComponentFactory="android.support.v4.app.CoreComponentFactory"
18-->[com.android.support:support-compat:28.0.0] AndroidManifest.xml:22:18-91
19        android:icon="@mipmap/ic_launcher"
19-->src/main/AndroidManifest.xml:14:14-48
20        android:label="@string/app_name"
20-->src/main/AndroidManifest.xml:15:9-41
21        android:theme="@style/AppTheme" >
21-->src/main/AndroidManifest.xml:16:9-40
22        <activity
22-->src/main/AndroidManifest.xml:18:9-24:20
23            android:name="samples.dictionary.Dictionary"
23-->src/main/AndroidManifest.xml:18:19-63
24            android:label="@string/app_name" >
24-->src/main/AndroidManifest.xml:19:19-51
25            <intent-filter>
25-->src/main/AndroidManifest.xml:20:13-23:29
26                <action android:name="android.intent.action.MAIN" />
26-->src/main/AndroidManifest.xml:21:17-69
26-->src/main/AndroidManifest.xml:21:25-66
27
28                <category android:name="android.intent.category.LAUNCHER" />
28-->src/main/AndroidManifest.xml:22:17-77
28-->src/main/AndroidManifest.xml:22:27-74
29            </intent-filter>
30        </activity>
31        <activity android:name="samples.dictionary.UI.DictionaryDetails" />
31-->src/main/AndroidManifest.xml:25:6-82
31-->src/main/AndroidManifest.xml:25:16-70
32        <activity android:name="samples.dictionary.UI.AboutApp" />
32-->src/main/AndroidManifest.xml:26:6-73
32-->src/main/AndroidManifest.xml:26:16-61
33        <activity android:name="samples.dictionary.UI.Grammar" />
33-->src/main/AndroidManifest.xml:27:6-72
33-->src/main/AndroidManifest.xml:27:16-60
34        <activity
34-->src/main/AndroidManifest.xml:28:6-35:15
35            android:name="samples.dictionary.UI.Settings"
35-->src/main/AndroidManifest.xml:28:16-61
36            android:parentActivityName="samples.dictionary.Dictionary" >
36-->src/main/AndroidManifest.xml:29:4-62
37            <meta-data
37-->src/main/AndroidManifest.xml:31:4-33:52
38                android:name="android.support.PARENT_ACTIVITY"
38-->src/main/AndroidManifest.xml:32:5-51
39                android:value="samples.dictionary.Dictionary" />
39-->src/main/AndroidManifest.xml:33:5-50
40        </activity>
41        <activity android:name="samples.dictionary.UI.AboutDict" />
41-->src/main/AndroidManifest.xml:36:6-74
41-->src/main/AndroidManifest.xml:36:16-62
42        <activity android:name="samples.dictionary.UI.AboutMore" />
42-->src/main/AndroidManifest.xml:37:6-74
42-->src/main/AndroidManifest.xml:37:16-62
43        <activity android:name="samples.dictionary.Search" />
43-->src/main/AndroidManifest.xml:38:6-68
43-->src/main/AndroidManifest.xml:38:16-56
44        <activity android:name="samples.dictionary.UI.ThemeGrid" />
44-->src/main/AndroidManifest.xml:39:3-71
44-->src/main/AndroidManifest.xml:39:13-59
45        <activity
45-->src/main/AndroidManifest.xml:40:6-106
46            android:name="samples.dictionary.UI.Game"
46-->src/main/AndroidManifest.xml:40:16-57
47            android:screenOrientation="portrait" />
47-->src/main/AndroidManifest.xml:40:58-94
48
49        <receiver
49-->src/main/AndroidManifest.xml:42:6-49:20
50            android:name="samples.dictionary.WidgetDictionaryProvider"
50-->src/main/AndroidManifest.xml:42:16-74
51            android:icon="@drawable/widget_preview" >
51-->src/main/AndroidManifest.xml:43:10-49
52            <intent-filter>
52-->src/main/AndroidManifest.xml:44:13-46:29
53                <action android:name="android.appwidget.action.APPWIDGET_UPDATE" />
53-->src/main/AndroidManifest.xml:45:17-84
53-->src/main/AndroidManifest.xml:45:25-81
54            </intent-filter>
55
56            <meta-data
56-->src/main/AndroidManifest.xml:47:13-48:66
57                android:name="android.appwidget.provider"
57-->src/main/AndroidManifest.xml:47:24-65
58                android:resource="@xml/widget_dictionary_info" />
58-->src/main/AndroidManifest.xml:48:17-63
59        </receiver>
60    </application>
61
62</manifest>